<?xml version="1.0" encoding="UTF-8"?>
<testsuite name="katas.ardalis.FizzBuzzTest" tests="1" skipped="0" failures="0" errors="0" timestamp="2022-01-25T20:36:34" hostname="IT-WS501" time="0.047">
  <properties/>
  <testcase name="should correctly output based on inputs()" classname="katas.ardalis.FizzBuzzTest" time="0.047"/>
  <system-out><![CDATA[]]></system-out>
  <system-err><![CDATA[]]></system-err>
</testsuite>
